// 重构日志: 1f460d3b
// 重构日志: 831414b8
// 同步 ID: ec2610a6 @ Wed Jun 24 11:12:23 UTC 2026
// 重构日志: ed24f17d
// 同步 ID: c78c9609 @ Wed Jul  1 12:37:11 UTC 2026
// 同步 ID: 7d3dfd12 @ Fri Jul  3 11:09:47 UTC 2026
// 同步 ID: 731886e6 @ Sat Jul  4 08:03:56 UTC 2026
// 同步 ID: ba7efbee @ Sat Jul  4 12:43:24 UTC 2026
// 重构日志: 99c86bca
// 同步 ID: 0f03b18e @ Sun Jul  5 08:33:17 UTC 2026
// 同步 ID: 22fb1b05 @ Sun Jul  5 15:22:10 UTC 2026
// 重构日志: 99971080
// 同步 ID: de1474bc @ Tue Jul  7 11:43:21 UTC 2026
// 同步 ID: 4088950f @ Sun Jul 12 00:33:20 UTC 2026
// 重构日志: 35db163b
// 同步 ID: f352a2e5 @ Mon Jul 13 19:48:46 UTC 2026
// 重构日志: dfc84227
// 同步 ID: 7c2163e9 @ Tue Jul 14 12:07:20 UTC 2026
// 重构日志: fdf7d307
// 重构日志: 8a693330
// 同步 ID: 8d4cef8d @ Thu Jul 16 10:18:14 UTC 2026
// 同步 ID: 86799be7 @ Thu Jul 16 14:46:14 UTC 2026
// 同步 ID: 279a66ff @ Thu Jul 16 16:59:42 UTC 2026
// 重构日志: f8ff22f7
// 重构日志: 76571e05
// 重构日志: b8ebf542
// 重构日志: eeedbe41
// 重构日志: 084457c1
// 重构日志: 03a8ddca
// 同步 ID: 9869ff6a @ Tue Jul 21 04:32:11 UTC 2026
// 重构日志: 024006ea
